TN:
SF:script/Deploy.s.sol
DA:12,0
FN:12,DeployAcademicCredentials.run
FNDA:0,DeployAcademicCredentials.run
DA:13,0
DA:15,0
DA:17,0
DA:19,0
DA:20,0
DA:22,0
FNF:1
FNH:0
LF:7
LH:0
BRF:0
BRH:0
end_of_record
TN:
SF:src/AcademicCredentials.sol
DA:61,12
FN:61,AcademicCredentials.constructor
FNDA:12,AcademicCredentials.constructor
DA:64,12
DA:65,12
DA:74,264
FN:74,AcademicCredentials.grantIssuer
FNDA:264,AcademicCredentials.grantIssuer
DA:75,263
BRDA:75,0,0,-
BRDA:75,0,1,263
DA:76,263
DA:77,263
DA:82,2
FN:82,AcademicCredentials.revokeIssuer
FNDA:2,AcademicCredentials.revokeIssuer
DA:83,1
BRDA:83,1,0,-
BRDA:83,1,1,1
DA:84,1
DA:85,1
DA:99,263
FN:99,AcademicCredentials.issueCredential
FNDA:263,AcademicCredentials.issueCredential
DA:110,262
BRDA:110,2,0,-
BRDA:110,2,1,262
DA:111,262
BRDA:111,3,0,-
BRDA:111,3,1,262
DA:112,262
BRDA:112,4,0,-
BRDA:112,4,1,262
DA:113,262
BRDA:113,5,0,-
BRDA:113,5,1,262
DA:114,262
BRDA:114,6,0,-
BRDA:114,6,1,262
DA:116,262
DA:117,261
DA:119,261
DA:127,261
DA:133,2
FN:133,AcademicCredentials.revoke
FNDA:2,AcademicCredentials.revoke
DA:134,2
BRDA:134,7,0,1
BRDA:134,7,1,1
DA:135,1
BRDA:135,8,0,-
BRDA:135,8,1,1
DA:137,1
DA:138,1
DA:140,1
DA:149,264
FN:149,AcademicCredentials._update
FNDA:264,AcademicCredentials._update
DA:154,264
DA:155,264
BRDA:155,9,0,2
DA:156,2
DA:158,262
DA:168,259
FN:168,AcademicCredentials.isValid
FNDA:259,AcademicCredentials.isValid
DA:169,259
DA:175,2
FN:175,AcademicCredentials.verify
FNDA:2,AcademicCredentials.verify
DA:176,2
DA:177,2
DA:178,2
DA:182,0
FN:182,AcademicCredentials.supportsInterface
FNDA:0,AcademicCredentials.supportsInterface
DA:188,0
FNF:9
FNH:8
LF:40
LH:38
BRF:19
BRH:11
end_of_record
